# JRE version: Java(TM) SE Runtime Environment (8.0_251-b08) (build 1.8.0_251-b08)
# Java VM: Java HotSpot(TM) 64-Bit Server VM (25.251-b08 mixed mode windows-amd64 compressed oops)
Heap:
 PSYoungGen      total 421376K, used 136710K [0x000000076ae00000, 0x000000078e100000, 0x00000007c0000000)
  eden space 397824K, 34% used [0x000000076ae00000,0x0000000773381ae0,0x0000000783280000)
  from space 23552K, 0% used [0x0000000783280000,0x0000000783280000,0x0000000784980000)
  to   space 24576K, 0% used [0x000000078c900000,0x000000078c900000,0x000000078e100000)
 ParOldGen       total 232448K, used 29867K [0x00000006c0a00000, 0x00000006ced00000, 0x000000076ae00000)
  object space 232448K, 12% used [0x00000006c0a00000,0x00000006c272ad08,0x00000006ced00000)
 Metaspace       used 61692K, capacity 65325K, committed 65496K, reserved 1105920K
  class space    used 8277K, capacity 8909K, committed 8960K, reserved 1048576K
GC Heap History (10 events):
Event: 3.656 GC heap before
{Heap before GC invocations=8 (full 2):
 PSYoungGen      total 292864K, used 10523K [0x000000076ae00000, 0x0000000784d00000, 0x00000007c0000000)
  eden space 278016K, 0% used [0x000000076ae00000,0x000000076ae00000,0x000000077bd80000)
  from space 14848K, 70% used [0x000000077cb80000,0x000000077d5c6d30,0x000000077da00000)
  to   space 14336K, 0% used [0x000000077bd80000,0x000000077bd80000,0x000000077cb80000)
 ParOldGen       total 112128K, used 12930K [0x00000006c0a00000, 0x00000006c7780000, 0x000000076ae00000)
  object space 112128K, 11% used [0x00000006c0a00000,0x00000006c16a0a48,0x00000006c7780000)
 Metaspace       used 33996K, capacity 35387K, committed 35456K, reserved 1079296K
  class space    used 4638K, capacity 4923K, committed 4992K, reserved 1048576K
Event: 3.687 GC heap after
Heap after GC invocations=8 (full 2):
 PSYoungGen      total 292864K, used 0K [0x000000076ae00000, 0x0000000784d00000, 0x00000007c0000000)
  eden space 278016K, 0% used [0x000000076ae00000,0x000000076ae00000,0x000000077bd80000)
  from space 14848K, 0% used [0x000000077cb80000,0x000000077cb80000,0x000000077da00000)
  to   space 14336K, 0% used [0x000000077bd80000,0x000000077bd80000,0x000000077cb80000)
 ParOldGen       total 169984K, used 16841K [0x00000006c0a00000, 0x00000006cb000000, 0x000000076ae00000)
  object space 169984K, 9% used [0x00000006c0a00000,0x00000006c1a726a0,0x00000006cb000000)
 Metaspace       used 33996K, capacity 35387K, committed 35456K, reserved 1079296K
  class space    used 4638K, capacity 4923K, committed 4992K, reserved 1048576K
}
Event: 5.181 GC heap before
{Heap before GC invocations=9 (full 2):
 PSYoungGen      total 292864K, used 278016K [0x000000076ae00000, 0x0000000784d00000, 0x00000007c0000000)
  eden space 278016K, 100% used [0x000000076ae00000,0x000000077bd80000,0x000000077bd80000)
  from space 14848K, 0% used [0x000000077cb80000,0x000000077cb80000,0x000000077da00000)
  to   space 14336K, 0% used [0x000000077bd80000,0x000000077bd80000,0x000000077cb80000)
 ParOldGen       total 169984K, used 16841K [0x00000006c0a00000, 0x00000006cb000000, 0x000000076ae00000)
  object space 169984K, 9% used [0x00000006c0a00000,0x00000006c1a726a0,0x00000006cb000000)
 Metaspace       used 44957K, capacity 47237K, committed 47488K, reserved 1089536K
  class space    used 6024K, capacity 6497K, committed 6528K, reserved 1048576K
Event: 5.196 GC heap after
Heap after GC invocations=9 (full 2):
 PSYoungGen      total 292352K, used 14305K [0x000000076ae00000, 0x0000000785d00000, 0x00000007c0000000)
  eden space 278016K, 0% used [0x000000076ae00000,0x000000076ae00000,0x000000077bd80000)
  from space 14336K, 99% used [0x000000077bd80000,0x000000077cb78450,0x000000077cb80000)
  to   space 17920K, 0% used [0x0000000784b80000,0x0000000784b80000,0x0000000785d00000)
 ParOldGen       total 169984K, used 20542K [0x00000006c0a00000, 0x00000006cb000000, 0x000000076ae00000)
  object space 169984K, 12% used [0x00000006c0a00000,0x00000006c1e0f8a8,0x00000006cb000000)
 Metaspace       used 44957K, capacity 47237K, committed 47488K, reserved 1089536K
  class space    used 6024K, capacity 6497K, committed 6528K, reserved 1048576K
}
Event: 7.277 GC heap before
{Heap before GC invocations=10 (full 2):
 PSYoungGen      total 292352K, used 292321K [0x000000076ae00000, 0x0000000785d00000, 0x00000007c0000000)
  eden space 278016K, 100% used [0x000000076ae00000,0x000000077bd80000,0x000000077bd80000)
  from space 14336K, 99% used [0x000000077bd80000,0x000000077cb78450,0x000000077cb80000)
  to   space 17920K, 0% used [0x0000000784b80000,0x0000000784b80000,0x0000000785d00000)
 ParOldGen       total 169984K, used 20542K [0x00000006c0a00000, 0x00000006cb000000, 0x000000076ae00000)
  object space 169984K, 12% used [0x00000006c0a00000,0x00000006c1e0f8a8,0x00000006cb000000)
 Metaspace       used 54787K, capacity 57857K, committed 58112K, reserved 1099776K
  class space    used 7367K, capacity 7919K, committed 7936K, reserved 1048576K
Event: 7.294 GC heap after
Heap after GC invocations=10 (full 2):
 PSYoungGen      total 415744K, used 17888K [0x000000076ae00000, 0x0000000786080000, 0x00000007c0000000)
  eden space 397824K, 0% used [0x000000076ae00000,0x000000076ae00000,0x0000000783280000)
  from space 17920K, 99% used [0x0000000784b80000,0x0000000785cf8038,0x0000000785d00000)
  to   space 23552K, 0% used [0x0000000783280000,0x0000000783280000,0x0000000784980000)
 ParOldGen       total 169984K, used 27583K [0x00000006c0a00000, 0x00000006cb000000, 0x000000076ae00000)
  object space 169984K, 16% used [0x00000006c0a00000,0x00000006c24eff80,0x00000006cb000000)
 Metaspace       used 54787K, capacity 57857K, committed 58112K, reserved 1099776K
  class space    used 7367K, capacity 7919K, committed 7936K, reserved 1048576K
}
Event: 7.565 GC heap before
{Heap before GC invocations=11 (full 2):
 PSYoungGen      total 415744K, used 48751K [0x000000076ae00000, 0x0000000786080000, 0x00000007c0000000)
  eden space 397824K, 7% used [0x000000076ae00000,0x000000076cc23f10,0x0000000783280000)
  from space 17920K, 99% used [0x0000000784b80000,0x0000000785cf8038,0x0000000785d00000)
  to   space 23552K, 0% used [0x0000000783280000,0x0000000783280000,0x0000000784980000)
 ParOldGen       total 169984K, used 27583K [0x00000006c0a00000, 0x00000006cb000000, 0x000000076ae00000)
  object space 169984K, 16% used [0x00000006c0a00000,0x00000006c24eff80,0x00000006cb000000)
 Metaspace       used 55719K, capacity 58911K, committed 59096K, reserved 1099776K
  class space    used 7486K, capacity 8066K, committed 8192K, reserved 1048576K
Event: 7.576 GC heap after
Heap after GC invocations=11 (full 2):
 PSYoungGen      total 421376K, used 18624K [0x000000076ae00000, 0x000000078e100000, 0x00000007c0000000)
  eden space 397824K, 0% used [0x000000076ae00000,0x000000076ae00000,0x0000000783280000)
  from space 23552K, 79% used [0x0000000783280000,0x00000007844b00b0,0x0000000784980000)
  to   space 24576K, 0% used [0x000000078c900000,0x000000078c900000,0x000000078e100000)
 ParOldGen       total 169984K, used 27591K [0x00000006c0a00000, 0x00000006cb000000, 0x000000076ae00000)
  object space 169984K, 16% used [0x00000006c0a00000,0x00000006c24f1f80,0x00000006cb000000)
 Metaspace       used 55719K, capacity 58911K, committed 59096K, reserved 1099776K
  class space    used 7486K, capacity 8066K, committed 8192K, reserved 1048576K
}
Event: 7.576 GC heap before
{Heap before GC invocations=12 (full 3):
 PSYoungGen      total 421376K, used 18624K [0x000000076ae00000, 0x000000078e100000, 0x00000007c0000000)
  eden space 397824K, 0% used [0x000000076ae00000,0x000000076ae00000,0x0000000783280000)
  from space 23552K, 79% used [0x0000000783280000,0x00000007844b00b0,0x0000000784980000)
  to   space 24576K, 0% used [0x000000078c900000,0x000000078c900000,0x000000078e100000)
 ParOldGen       total 169984K, used 27591K [0x00000006c0a00000, 0x00000006cb000000, 0x000000076ae00000)
  object space 169984K, 16% used [0x00000006c0a00000,0x00000006c24f1f80,0x00000006cb000000)
 Metaspace       used 55719K, capacity 58911K, committed 59096K, reserved 1099776K
  class space    used 7486K, capacity 8066K, committed 8192K, reserved 1048576K
Event: 7.672 GC heap after
Heap after GC invocations=12 (full 3):
 PSYoungGen      total 421376K, used 0K [0x000000076ae00000, 0x000000078e100000, 0x00000007c0000000)
  eden space 397824K, 0% used [0x000000076ae00000,0x000000076ae00000,0x0000000783280000)
  from space 23552K, 0% used [0x0000000783280000,0x0000000783280000,0x0000000784980000)
  to   space 24576K, 0% used [0x000000078c900000,0x000000078c900000,0x000000078e100000)
 ParOldGen       total 232448K, used 29867K [0x00000006c0a00000, 0x00000006ced00000, 0x000000076ae00000)
  object space 232448K, 12% used [0x00000006c0a00000,0x00000006c272ad08,0x00000006ced00000)
 Metaspace       used 55691K, capacity 58845K, committed 59096K, reserved 1099776K
  class space    used 7479K, capacity 8053K, committed 8192K, reserved 1048576K
}

